[2023-09-11T02:14:50.744+0000] {taskinstance.py:1157} INFO - Dependencies all met for dep_context=non-requeueable deps ti=<TaskInstance: stock_data_pipeline.retrieve_stock_data manual__2023-09-11T02:14:49.493247+00:00 [queued]>
[2023-09-11T02:14:50.749+0000] {taskinstance.py:1157} INFO - Dependencies all met for dep_context=requeueable deps ti=<TaskInstance: stock_data_pipeline.retrieve_stock_data manual__2023-09-11T02:14:49.493247+00:00 [queued]>
[2023-09-11T02:14:50.749+0000] {taskinstance.py:1359} INFO - Starting attempt 1 of 2
[2023-09-11T02:14:50.755+0000] {taskinstance.py:1380} INFO - Executing <Task(PythonOperator): retrieve_stock_data> on 2023-09-11 02:14:49.493247+00:00
[2023-09-11T02:14:50.759+0000] {standard_task_runner.py:57} INFO - Started process 204 to run task
[2023-09-11T02:14:50.762+0000] {standard_task_runner.py:84} INFO - Running: ['***', 'tasks', 'run', 'stock_data_pipeline', 'retrieve_stock_data', 'manual__2023-09-11T02:14:49.493247+00:00', '--job-id', '6', '--raw', '--subdir', 'DAGS_FOLDER/main_dag.py', '--cfg-path', '/tmp/tmpeirnavfq']
[2023-09-11T02:14:50.765+0000] {standard_task_runner.py:85} INFO - Job 6: Subtask retrieve_stock_data
[2023-09-11T02:14:50.799+0000] {task_command.py:415} INFO - Running <TaskInstance: stock_data_pipeline.retrieve_stock_data manual__2023-09-11T02:14:49.493247+00:00 [running]> on host 8286c28131ea
[2023-09-11T02:14:50.986+0000] {taskinstance.py:1660} INFO - Exporting env vars: AIRFLOW_CTX_DAG_OWNER='you' AIRFLOW_CTX_DAG_ID='stock_data_pipeline' AIRFLOW_CTX_TASK_ID='retrieve_stock_data' AIRFLOW_CTX_EXECUTION_DATE='2023-09-11T02:14:49.493247+00:00' AIRFLOW_CTX_TRY_NUMBER='1' AIRFLOW_CTX_DAG_RUN_ID='manual__2023-09-11T02:14:49.493247+00:00'
[2023-09-11T02:14:51.354+0000] {logging_mixin.py:151} INFO - [*********************100%%**********************]  1 of 1 completed
[2023-09-11T02:14:51.651+0000] {logging_mixin.py:151} INFO - [*********************100%%**********************]  1 of 1 completed
[2023-09-11T02:14:51.960+0000] {logging_mixin.py:151} INFO - [*********************100%%**********************]  1 of 1 completed
[2023-09-11T02:14:52.297+0000] {logging_mixin.py:151} INFO - [*********************100%%**********************]  1 of 1 completed
[2023-09-11T02:14:52.562+0000] {logging_mixin.py:151} INFO - [*********************100%%**********************]  1 of 1 completed
[2023-09-11T02:14:52.842+0000] {logging_mixin.py:151} INFO - [*********************100%%**********************]  1 of 1 completed
[2023-09-11T02:14:53.209+0000] {logging_mixin.py:151} INFO - [*********************100%%**********************]  1 of 1 completed
[2023-09-11T02:14:53.521+0000] {logging_mixin.py:151} INFO - [*********************100%%**********************]  1 of 1 completed
[2023-09-11T02:14:53.523+0000] {python.py:194} INFO - Done. Returned value was: {'VTI':                   Open        High         Low       Close   Adj Close   Volume
Date                                                                           
2010-01-04   56.860001   57.380001   56.840000   57.310001   44.688660  2251500
2010-01-05   57.340000   57.540001   57.110001   57.529999   44.860207  1597700
2010-01-06   57.500000   57.720001   57.410000   57.610001   44.922592  2120300
2010-01-07   57.549999   57.889999   57.290001   57.849998   45.109737  1656700
2010-01-08   57.700001   58.049999   57.560001   58.040001   45.257896  1650000
...                ...         ...         ...         ...         ...      ...
2023-09-01  225.339996  225.779999  223.960007  224.679993  224.679993  3047300
2023-09-05  224.259995  224.639999  223.279999  223.339996  223.339996  2531500
2023-09-06  222.990005  223.179993  220.750000  221.940002  221.940002  2473700
2023-09-07  220.380005  221.500000  220.080002  221.179993  221.179993  2964700
2023-09-08  221.210007  222.179993  220.979996  221.419998  221.419998  2244400

[3444 rows x 6 columns], 'VEA':                  Open       High        Low      Close  Adj Close    Volume
Date                                                                       
2010-01-04  35.180000  35.189999  34.880001  35.119999  23.527063   2165800
2010-01-05  35.160000  35.270000  34.959999  35.139999  23.540472    881800
2010-01-06  35.040001  35.230000  35.009998  35.150002  23.547176   2264900
2010-01-07  34.990002  35.080002  34.790001  35.080002  23.500275    811700
2010-01-08  35.150002  35.480000  35.040001  35.459999  23.754841    710000
...               ...        ...        ...        ...        ...       ...
2023-09-01  46.169998  46.209999  45.689999  45.820000  45.820000   8335600
2023-09-05  45.689999  45.700001  45.410000  45.410000  45.410000   9567800
2023-09-06  45.360001  45.470001  45.090000  45.230000  45.230000   8972300
2023-09-07  45.099998  45.189999  44.939999  45.049999  45.049999  10296300
2023-09-08  45.020000  45.169998  44.950001  44.990002  44.990002   9008900

[3444 rows x 6 columns], 'VWO':                  Open       High        Low      Close  Adj Close    Volume
Date                                                                       
2010-01-04  41.759998  42.400002  41.750000  42.400002  29.805161  16750400
2010-01-05  42.490002  42.689999  42.310001  42.540001  29.903576  13083300
2010-01-06  42.610001  42.840000  42.560001  42.799999  30.086344  16128000
2010-01-07  42.419998  42.529999  42.189999  42.430000  29.826241   7696600
2010-01-08  42.470001  42.740002  42.330002  42.689999  30.009026   7663100
...               ...        ...        ...        ...        ...       ...
2023-09-01  41.070000  41.160000  40.900002  40.970001  40.970001  11385100
2023-09-05  40.820000  40.849998  40.669998  40.730000  40.730000   8283200
2023-09-06  40.680000  40.900002  40.500000  40.540001  40.540001   8385200
2023-09-07  40.189999  40.209999  40.020000  40.119999  40.119999   7904200
2023-09-08  40.220001  40.279999  40.110001  40.200001  40.200001   7729100

[3444 rows x 6 columns], 'BND':                  Open       High        Low      Close  Adj Close   Volume
Date                                                                      
2010-01-04  78.599998  78.730003  78.540001  78.680000  53.750233  1098100
2010-01-05  78.889999  79.000000  78.790001  78.910004  53.907360   814600
2010-01-06  78.970001  78.980003  78.699997  78.879997  53.886852   981300
2010-01-07  78.720001  78.870003  78.720001  78.820000  53.845852   661700
2010-01-08  78.879997  78.959999  78.760002  78.900002  53.900536  1270000
...               ...        ...        ...        ...        ...      ...
2023-09-01  71.550003  71.570000  71.129997  71.209999  71.209999  3940700
2023-09-05  71.050003  71.059998  70.809998  70.820000  70.820000  4634300
2023-09-06  70.900002  70.910004  70.660004  70.739998  70.739998  7800400
2023-09-07  70.889999  70.989998  70.809998  70.980003  70.980003  4742800
2023-09-08  71.089996  71.169998  70.980003  71.000000  71.000000  4270600

[3444 rows x 6 columns], 'PDBC':                  Open       High        Low      Close  Adj Close   Volume
Date                                                                      
2014-11-07  25.160000  25.250000  25.160000  25.250000  12.738523      500
2014-11-10  25.250000  25.250000  25.120001  25.120001  12.672939     5700
2014-11-11  24.910000  25.180000  24.910000  25.120001  12.672939     8000
2014-11-12  25.198999  25.200001  25.100000  25.100000  12.662848      800
2014-11-13  24.950001  24.950001  24.530001  24.559999  12.390420     2900
...               ...        ...        ...        ...        ...      ...
2023-09-01  14.890000  14.930000  14.850000  14.930000  14.930000  6651900
2023-09-05  15.000000  15.070000  14.960000  14.990000  14.990000  6874200
2023-09-06  14.950000  15.040000  14.920000  15.010000  15.010000  2619300
2023-09-07  14.990000  15.015000  14.940000  14.990000  14.990000  2411700
2023-09-08  15.010000  15.050000  14.964000  15.030000  15.030000  1762600

[2223 rows x 6 columns], 'GLD':                   Open        High  ...   Adj Close    Volume
Date                                ...                      
2010-01-04  109.820000  110.139999  ...  109.800003  16224100
2010-01-05  109.879997  110.389999  ...  109.699997  14213100
2010-01-06  110.709999  111.769997  ...  111.510002  24981900
2010-01-07  111.070000  111.290001  ...  110.820000  13609800
2010-01-08  111.519997  111.580002  ...  111.370003  15894600
...                ...         ...  ...         ...       ...
2023-09-01  180.800003  181.119995  ...  180.110001   4969300
2023-09-05  179.330002  179.440002  ...  178.639999   7056800
2023-09-06  178.330002  179.009995  ...  177.830002   6427200
2023-09-07  178.309998  178.369995  ...  178.020004   3257200
2023-09-08  178.360001  179.050003  ...  178.080002   3292700

[3444 rows x 6 columns], 'VNQ':                  Open       High        Low      Close  Adj Close   Volume
Date                                                                      
2010-01-04  45.220001  45.419998  44.200001  44.549999  26.291676  2408400
2010-01-05  44.500000  44.580002  43.930000  44.500000  26.262157  2054200
2010-01-06  44.520000  44.840000  44.299999  44.419998  26.214947  2471200
2010-01-07  44.459999  45.099998  43.950001  44.900002  26.498224  2091700
2010-01-08  44.810001  44.849998  44.180000  44.570000  26.303488  2682000
...               ...        ...        ...        ...        ...      ...
2023-09-01  82.900002  83.169998  82.300003  82.519997  82.519997  3403900
2023-09-05  82.279999  82.449997  81.529999  81.559998  81.559998  3578000
2023-09-06  81.449997  81.720001  80.779999  81.389999  81.389999  3681300
2023-09-07  81.129997  82.260002  81.129997  81.900002  81.900002  5056100
2023-09-08  81.959999  82.180000  81.389999  81.580002  81.580002  3317400

[3444 rows x 6 columns], 'EMLC':                  Open       High        Low      Close  Adj Close   Volume
Date                                                                      
2010-07-23  50.480000  50.959999  50.480000  50.900002  25.270348      500
2010-07-26  51.320000  51.900002  51.320000  51.799999  25.717186    10050
2010-07-27  52.459999  52.459999  51.720001  51.860001  25.746965   383500
2010-07-28  51.919998  51.939999  51.560001  51.740002  25.687389   110450
2010-07-29  51.119999  51.779999  51.119999  51.580002  25.607962    33500
...               ...        ...        ...        ...        ...      ...
2023-09-01  25.070000  25.110001  24.900000  24.930000  24.930000  1080500
2023-09-05  24.730000  24.740000  24.580000  24.600000  24.600000  1390400
2023-09-06  24.530001  24.549999  24.389999  24.430000  24.430000  4274600
2023-09-07  24.450001  24.480000  24.330000  24.379999  24.379999  2780000
2023-09-08  24.459999  24.510000  24.360001  24.370001  24.370001  1707800

[3305 rows x 6 columns]}
[2023-09-11T02:14:53.769+0000] {taskinstance.py:1398} INFO - Marking task as SUCCESS. dag_id=stock_data_pipeline, task_id=retrieve_stock_data, execution_date=20230911T021449, start_date=20230911T021450, end_date=20230911T021453
[2023-09-11T02:14:53.824+0000] {local_task_job_runner.py:228} INFO - Task exited with return code 0
[2023-09-11T02:14:53.850+0000] {taskinstance.py:2776} INFO - 1 downstream tasks scheduled from follow-on schedule check
